# JRE version: OpenJDK Runtime Environment (8.0_152-b02) (build 1.8.0_152-release-1024-b02)
# Java VM: OpenJDK 64-Bit Server VM (25.152-b02 mixed mode windows-amd64 compressed oops)
Heap:
 PSYoungGen      total 179712K, used 69528K [0x00000000e0000000, 0x00000000ec480000, 0x0000000100000000)
  eden space 159232K, 30% used [0x00000000e0000000,0x00000000e2febc28,0x00000000e9b80000)
  from space 20480K, 99% used [0x00000000e9c80000,0x00000000eb07a650,0x00000000eb080000)
  to   space 13824K, 0% used [0x00000000eb700000,0x00000000eb700000,0x00000000ec480000)
 ParOldGen       total 185856K, used 39130K [0x00000000a0000000, 0x00000000ab580000, 0x00000000e0000000)
  object space 185856K, 21% used [0x00000000a0000000,0x00000000a2636848,0x00000000ab580000)
 Metaspace       used 65677K, capacity 68012K, committed 68224K, reserved 1107968K
  class space    used 8687K, capacity 9256K, committed 9344K, reserved 1048576K
GC Heap History (10 events):
Event: 7.645 GC heap before
{Heap before GC invocations=12 (full 2):
 PSYoungGen      total 127488K, used 127479K [0x00000000e0000000, 0x00000000e9f00000, 0x0000000100000000)
  eden space 114176K, 100% used [0x00000000e0000000,0x00000000e6f80000,0x00000000e6f80000)
  from space 13312K, 99% used [0x00000000e6f80000,0x00000000e7c7dea8,0x00000000e7c80000)
  to   space 15872K, 0% used [0x00000000e8f80000,0x00000000e8f80000,0x00000000e9f00000)
 ParOldGen       total 132096K, used 23084K [0x00000000a0000000, 0x00000000a8100000, 0x00000000e0000000)
  object space 132096K, 17% used [0x00000000a0000000,0x00000000a168b058,0x00000000a8100000)
 Metaspace       used 55411K, capacity 57230K, committed 57472K, reserved 1099776K
  class space    used 7479K, capacity 7960K, committed 8064K, reserved 1048576K
Event: 7.668 GC heap after
Heap after GC invocations=12 (full 2):
 PSYoungGen      total 143360K, used 15870K [0x00000000e0000000, 0x00000000eaf80000, 0x0000000100000000)
  eden space 127488K, 0% used [0x00000000e0000000,0x00000000e0000000,0x00000000e7c80000)
  from space 15872K, 99% used [0x00000000e8f80000,0x00000000e9effbd8,0x00000000e9f00000)
  to   space 19456K, 0% used [0x00000000e7c80000,0x00000000e7c80000,0x00000000e8f80000)
 ParOldGen       total 132096K, used 27846K [0x00000000a0000000, 0x00000000a8100000, 0x00000000e0000000)
  object space 132096K, 21% used [0x00000000a0000000,0x00000000a1b31b28,0x00000000a8100000)
 Metaspace       used 55411K, capacity 57230K, committed 57472K, reserved 1099776K
  class space    used 7479K, capacity 7960K, committed 8064K, reserved 1048576K
}
Event: 7.972 GC heap before
{Heap before GC invocations=13 (full 2):
 PSYoungGen      total 143360K, used 58448K [0x00000000e0000000, 0x00000000eaf80000, 0x0000000100000000)
  eden space 127488K, 33% used [0x00000000e0000000,0x00000000e2994570,0x00000000e7c80000)
  from space 15872K, 99% used [0x00000000e8f80000,0x00000000e9effbd8,0x00000000e9f00000)
  to   space 19456K, 0% used [0x00000000e7c80000,0x00000000e7c80000,0x00000000e8f80000)
 ParOldGen       total 132096K, used 27846K [0x00000000a0000000, 0x00000000a8100000, 0x00000000e0000000)
  object space 132096K, 21% used [0x00000000a0000000,0x00000000a1b31b28,0x00000000a8100000)
 Metaspace       used 56983K, capacity 58860K, committed 59008K, reserved 1099776K
  class space    used 7745K, capacity 8200K, committed 8320K, reserved 1048576K
Event: 7.991 GC heap after
Heap after GC invocations=13 (full 2):
 PSYoungGen      total 146944K, used 16451K [0x00000000e0000000, 0x00000000ecb80000, 0x0000000100000000)
  eden space 127488K, 0% used [0x00000000e0000000,0x00000000e0000000,0x00000000e7c80000)
  from space 19456K, 84% used [0x00000000e7c80000,0x00000000e8c90ee0,0x00000000e8f80000)
  to   space 20992K, 0% used [0x00000000eb700000,0x00000000eb700000,0x00000000ecb80000)
 ParOldGen       total 132096K, used 31122K [0x00000000a0000000, 0x00000000a8100000, 0x00000000e0000000)
  object space 132096K, 23% used [0x00000000a0000000,0x00000000a1e649c0,0x00000000a8100000)
 Metaspace       used 56983K, capacity 58860K, committed 59008K, reserved 1099776K
  class space    used 7745K, capacity 8200K, committed 8320K, reserved 1048576K
}
Event: 7.991 GC heap before
{Heap before GC invocations=14 (full 3):
 PSYoungGen      total 146944K, used 16451K [0x00000000e0000000, 0x00000000ecb80000, 0x0000000100000000)
  eden space 127488K, 0% used [0x00000000e0000000,0x00000000e0000000,0x00000000e7c80000)
  from space 19456K, 84% used [0x00000000e7c80000,0x00000000e8c90ee0,0x00000000e8f80000)
  to   space 20992K, 0% used [0x00000000eb700000,0x00000000eb700000,0x00000000ecb80000)
 ParOldGen       total 132096K, used 31122K [0x00000000a0000000, 0x00000000a8100000, 0x00000000e0000000)
  object space 132096K, 23% used [0x00000000a0000000,0x00000000a1e649c0,0x00000000a8100000)
 Metaspace       used 56983K, capacity 58860K, committed 59008K, reserved 1099776K
  class space    used 7745K, capacity 8200K, committed 8320K, reserved 1048576K
Event: 8.136 GC heap after
Heap after GC invocations=14 (full 3):
 PSYoungGen      total 146944K, used 0K [0x00000000e0000000, 0x00000000ecb80000, 0x0000000100000000)
  eden space 127488K, 0% used [0x00000000e0000000,0x00000000e0000000,0x00000000e7c80000)
  from space 19456K, 0% used [0x00000000e7c80000,0x00000000e7c80000,0x00000000e8f80000)
  to   space 20992K, 0% used [0x00000000eb700000,0x00000000eb700000,0x00000000ecb80000)
 ParOldGen       total 185856K, used 35723K [0x00000000a0000000, 0x00000000ab580000, 0x00000000e0000000)
  object space 185856K, 19% used [0x00000000a0000000,0x00000000a22e2c30,0x00000000ab580000)
 Metaspace       used 56983K, capacity 58860K, committed 59008K, reserved 1099776K
  class space    used 7745K, capacity 8200K, committed 8320K, reserved 1048576K
}
Event: 8.922 GC heap before
{Heap before GC invocations=15 (full 3):
 PSYoungGen      total 146944K, used 127488K [0x00000000e0000000, 0x00000000ecb80000, 0x0000000100000000)
  eden space 127488K, 100% used [0x00000000e0000000,0x00000000e7c80000,0x00000000e7c80000)
  from space 19456K, 0% used [0x00000000e7c80000,0x00000000e7c80000,0x00000000e8f80000)
  to   space 20992K, 0% used [0x00000000eb700000,0x00000000eb700000,0x00000000ecb80000)
 ParOldGen       total 185856K, used 35723K [0x00000000a0000000, 0x00000000ab580000, 0x00000000e0000000)
  object space 185856K, 19% used [0x00000000a0000000,0x00000000a22e2c30,0x00000000ab580000)
 Metaspace       used 59209K, capacity 61222K, committed 61440K, reserved 1101824K
  class space    used 8050K, capacity 8577K, committed 8704K, reserved 1048576K
Event: 8.931 GC heap after
Heap after GC invocations=15 (full 3):
 PSYoungGen      total 173056K, used 13484K [0x00000000e0000000, 0x00000000ec480000, 0x0000000100000000)
  eden space 159232K, 0% used [0x00000000e0000000,0x00000000e0000000,0x00000000e9b80000)
  from space 13824K, 97% used [0x00000000eb700000,0x00000000ec42b3a0,0x00000000ec480000)
  to   space 20480K, 0% used [0x00000000e9c80000,0x00000000e9c80000,0x00000000eb080000)
 ParOldGen       total 185856K, used 35731K [0x00000000a0000000, 0x00000000ab580000, 0x00000000e0000000)
  object space 185856K, 19% used [0x00000000a0000000,0x00000000a22e4c30,0x00000000ab580000)
 Metaspace       used 59209K, capacity 61222K, committed 61440K, reserved 1101824K
  class space    used 8050K, capacity 8577K, committed 8704K, reserved 1048576K
}
Event: 13.434 GC heap before
{Heap before GC invocations=16 (full 3):
 PSYoungGen      total 173056K, used 172716K [0x00000000e0000000, 0x00000000ec480000, 0x0000000100000000)
  eden space 159232K, 100% used [0x00000000e0000000,0x00000000e9b80000,0x00000000e9b80000)
  from space 13824K, 97% used [0x00000000eb700000,0x00000000ec42b3a0,0x00000000ec480000)
  to   space 20480K, 0% used [0x00000000e9c80000,0x00000000e9c80000,0x00000000eb080000)
 ParOldGen       total 185856K, used 35731K [0x00000000a0000000, 0x00000000ab580000, 0x00000000e0000000)
  object space 185856K, 19% used [0x00000000a0000000,0x00000000a22e4c30,0x00000000ab580000)
 Metaspace       used 63996K, capacity 66256K, committed 66560K, reserved 1105920K
  class space    used 8508K, capacity 9106K, committed 9216K, reserved 1048576K
Event: 13.452 GC heap after
Heap after GC invocations=16 (full 3):
 PSYoungGen      total 179712K, used 20457K [0x00000000e0000000, 0x00000000ec480000, 0x0000000100000000)
  eden space 159232K, 0% used [0x00000000e0000000,0x00000000e0000000,0x00000000e9b80000)
  from space 20480K, 99% used [0x00000000e9c80000,0x00000000eb07a650,0x00000000eb080000)
  to   space 13824K, 0% used [0x00000000eb700000,0x00000000eb700000,0x00000000ec480000)
 ParOldGen       total 185856K, used 39130K [0x00000000a0000000, 0x00000000ab580000, 0x00000000e0000000)
  object space 185856K, 21% used [0x00000000a0000000,0x00000000a2636848,0x00000000ab580000)
 Metaspace       used 63996K, capacity 66256K, committed 66560K, reserved 1105920K
  class space    used 8508K, capacity 9106K, committed 9216K, reserved 1048576K
}

