# JRE version: OpenJDK Runtime Environment (8.0_152-b02) (build 1.8.0_152-release-1024-b02)
# Java VM: OpenJDK 64-Bit Server VM (25.152-b02 mixed mode windows-amd64 compressed oops)
Heap:
 PSYoungGen      total 212992K, used 84763K [0x00000000e0000000, 0x00000000f0580000, 0x0000000100000000)
  eden space 193024K, 34% used [0x00000000e0000000,0x00000000e4120350,0x00000000ebc80000)
  from space 19968K, 90% used [0x00000000ebc80000,0x00000000ece26950,0x00000000ed000000)
  to   space 20992K, 0% used [0x00000000ed000000,0x00000000ed000000,0x00000000ee480000)
 ParOldGen       total 157184K, used 49380K [0x00000000a0000000, 0x00000000a9980000, 0x00000000e0000000)
  object space 157184K, 31% used [0x00000000a0000000,0x00000000a3039178,0x00000000a9980000)
 Metaspace       used 74659K, capacity 77518K, committed 77696K, reserved 1116160K
  class space    used 9699K, capacity 10330K, committed 10368K, reserved 1048576K
GC Heap History (10 events):
Event: 11.901 GC heap before
{Heap before GC invocations=14 (full 2):
 PSYoungGen      total 166912K, used 23040K [0x00000000e0000000, 0x00000000ee480000, 0x0000000100000000)
  eden space 147968K, 3% used [0x00000000e0000000,0x00000000e053eab8,0x00000000e9080000)
  from space 18944K, 93% used [0x00000000e9080000,0x00000000ea1c18d0,0x00000000ea300000)
  to   space 20992K, 0% used [0x00000000ed000000,0x00000000ed000000,0x00000000ee480000)
 ParOldGen       total 123392K, used 30469K [0x00000000a0000000, 0x00000000a7880000, 0x00000000e0000000)
  object space 123392K, 24% used [0x00000000a0000000,0x00000000a1dc1428,0x00000000a7880000)
 Metaspace       used 57136K, capacity 58978K, committed 59028K, reserved 1099776K
  class space    used 7716K, capacity 8167K, committed 8192K, reserved 1048576K
Event: 11.913 GC heap after
Heap after GC invocations=14 (full 2):
 PSYoungGen      total 214016K, used 10721K [0x00000000e0000000, 0x00000000f0580000, 0x0000000100000000)
  eden space 193024K, 0% used [0x00000000e0000000,0x00000000e0000000,0x00000000ebc80000)
  from space 20992K, 51% used [0x00000000ed000000,0x00000000eda786f8,0x00000000ee480000)
  to   space 19968K, 0% used [0x00000000ebc80000,0x00000000ebc80000,0x00000000ed000000)
 ParOldGen       total 123392K, used 35447K [0x00000000a0000000, 0x00000000a7880000, 0x00000000e0000000)
  object space 123392K, 28% used [0x00000000a0000000,0x00000000a229deb8,0x00000000a7880000)
 Metaspace       used 57136K, capacity 58978K, committed 59028K, reserved 1099776K
  class space    used 7716K, capacity 8167K, committed 8192K, reserved 1048576K
}
Event: 11.913 GC heap before
{Heap before GC invocations=15 (full 3):
 PSYoungGen      total 214016K, used 10721K [0x00000000e0000000, 0x00000000f0580000, 0x0000000100000000)
  eden space 193024K, 0% used [0x00000000e0000000,0x00000000e0000000,0x00000000ebc80000)
  from space 20992K, 51% used [0x00000000ed000000,0x00000000eda786f8,0x00000000ee480000)
  to   space 19968K, 0% used [0x00000000ebc80000,0x00000000ebc80000,0x00000000ed000000)
 ParOldGen       total 123392K, used 35447K [0x00000000a0000000, 0x00000000a7880000, 0x00000000e0000000)
  object space 123392K, 28% used [0x00000000a0000000,0x00000000a229deb8,0x00000000a7880000)
 Metaspace       used 57136K, capacity 58978K, committed 59028K, reserved 1099776K
  class space    used 7716K, capacity 8167K, committed 8192K, reserved 1048576K
Event: 12.077 GC heap after
Heap after GC invocations=15 (full 3):
 PSYoungGen      total 214016K, used 0K [0x00000000e0000000, 0x00000000f0580000, 0x0000000100000000)
  eden space 193024K, 0% used [0x00000000e0000000,0x00000000e0000000,0x00000000ebc80000)
  from space 20992K, 0% used [0x00000000ed000000,0x00000000ed000000,0x00000000ee480000)
  to   space 19968K, 0% used [0x00000000ebc80000,0x00000000ebc80000,0x00000000ed000000)
 ParOldGen       total 157184K, used 35087K [0x00000000a0000000, 0x00000000a9980000, 0x00000000e0000000)
  object space 157184K, 22% used [0x00000000a0000000,0x00000000a2243cc8,0x00000000a9980000)
 Metaspace       used 57136K, capacity 58978K, committed 59028K, reserved 1099776K
  class space    used 7716K, capacity 8167K, committed 8192K, reserved 1048576K
}
Event: 16.685 GC heap before
{Heap before GC invocations=16 (full 3):
 PSYoungGen      total 214016K, used 193024K [0x00000000e0000000, 0x00000000f0580000, 0x0000000100000000)
  eden space 193024K, 100% used [0x00000000e0000000,0x00000000ebc80000,0x00000000ebc80000)
  from space 20992K, 0% used [0x00000000ed000000,0x00000000ed000000,0x00000000ee480000)
  to   space 19968K, 0% used [0x00000000ebc80000,0x00000000ebc80000,0x00000000ed000000)
 ParOldGen       total 157184K, used 35087K [0x00000000a0000000, 0x00000000a9980000, 0x00000000e0000000)
  object space 157184K, 22% used [0x00000000a0000000,0x00000000a2243cc8,0x00000000a9980000)
 Metaspace       used 64276K, capacity 66222K, committed 66432K, reserved 1105920K
  class space    used 8470K, capacity 8965K, committed 9088K, reserved 1048576K
Event: 16.699 GC heap after
Heap after GC invocations=16 (full 3):
 PSYoungGen      total 212992K, used 13320K [0x00000000e0000000, 0x00000000f0580000, 0x0000000100000000)
  eden space 193024K, 0% used [0x00000000e0000000,0x00000000e0000000,0x00000000ebc80000)
  from space 19968K, 66% used [0x00000000ebc80000,0x00000000ec9820d8,0x00000000ed000000)
  to   space 20992K, 0% used [0x00000000ed000000,0x00000000ed000000,0x00000000ee480000)
 ParOldGen       total 157184K, used 35095K [0x00000000a0000000, 0x00000000a9980000, 0x00000000e0000000)
  object space 157184K, 22% used [0x00000000a0000000,0x00000000a2245cc8,0x00000000a9980000)
 Metaspace       used 64276K, capacity 66222K, committed 66432K, reserved 1105920K
  class space    used 8470K, capacity 8965K, committed 9088K, reserved 1048576K
}
Event: 19.101 GC heap before
{Heap before GC invocations=17 (full 3):
 PSYoungGen      total 212992K, used 206344K [0x00000000e0000000, 0x00000000f0580000, 0x0000000100000000)
  eden space 193024K, 100% used [0x00000000e0000000,0x00000000ebc80000,0x00000000ebc80000)
  from space 19968K, 66% used [0x00000000ebc80000,0x00000000ec9820d8,0x00000000ed000000)
  to   space 20992K, 0% used [0x00000000ed000000,0x00000000ed000000,0x00000000ee480000)
 ParOldGen       total 157184K, used 35095K [0x00000000a0000000, 0x00000000a9980000, 0x00000000e0000000)
  object space 157184K, 22% used [0x00000000a0000000,0x00000000a2245cc8,0x00000000a9980000)
 Metaspace       used 66808K, capacity 69080K, committed 69248K, reserved 1110016K
  class space    used 8767K, capacity 9307K, committed 9344K, reserved 1048576K
Event: 19.118 GC heap after
Heap after GC invocations=17 (full 3):
 PSYoungGen      total 214016K, used 7094K [0x00000000e0000000, 0x00000000f0580000, 0x0000000100000000)
  eden space 193024K, 0% used [0x00000000e0000000,0x00000000e0000000,0x00000000ebc80000)
  from space 20992K, 33% used [0x00000000ed000000,0x00000000ed6edb48,0x00000000ee480000)
  to   space 19968K, 0% used [0x00000000ebc80000,0x00000000ebc80000,0x00000000ed000000)
 ParOldGen       total 157184K, used 45650K [0x00000000a0000000, 0x00000000a9980000, 0x00000000e0000000)
  object space 157184K, 29% used [0x00000000a0000000,0x00000000a2c94ab8,0x00000000a9980000)
 Metaspace       used 66808K, capacity 69080K, committed 69248K, reserved 1110016K
  class space    used 8767K, capacity 9307K, committed 9344K, reserved 1048576K
}
Event: 21.890 GC heap before
{Heap before GC invocations=18 (full 3):
 PSYoungGen      total 214016K, used 200118K [0x00000000e0000000, 0x00000000f0580000, 0x0000000100000000)
  eden space 193024K, 100% used [0x00000000e0000000,0x00000000ebc80000,0x00000000ebc80000)
  from space 20992K, 33% used [0x00000000ed000000,0x00000000ed6edb48,0x00000000ee480000)
  to   space 19968K, 0% used [0x00000000ebc80000,0x00000000ebc80000,0x00000000ed000000)
 ParOldGen       total 157184K, used 45650K [0x00000000a0000000, 0x00000000a9980000, 0x00000000e0000000)
  object space 157184K, 29% used [0x00000000a0000000,0x00000000a2c94ab8,0x00000000a9980000)
 Metaspace       used 74418K, capacity 77258K, committed 77440K, reserved 1116160K
  class space    used 9674K, capacity 10292K, committed 10368K, reserved 1048576K
Event: 21.910 GC heap after
Heap after GC invocations=18 (full 3):
 PSYoungGen      total 212992K, used 18074K [0x00000000e0000000, 0x00000000f0580000, 0x0000000100000000)
  eden space 193024K, 0% used [0x00000000e0000000,0x00000000e0000000,0x00000000ebc80000)
  from space 19968K, 90% used [0x00000000ebc80000,0x00000000ece26950,0x00000000ed000000)
  to   space 20992K, 0% used [0x00000000ed000000,0x00000000ed000000,0x00000000ee480000)
 ParOldGen       total 157184K, used 49380K [0x00000000a0000000, 0x00000000a9980000, 0x00000000e0000000)
  object space 157184K, 31% used [0x00000000a0000000,0x00000000a3039178,0x00000000a9980000)
 Metaspace       used 74418K, capacity 77258K, committed 77440K, reserved 1116160K
  class space    used 9674K, capacity 10292K, committed 10368K, reserved 1048576K
}

